[2025-05-26 23:53:10] ATTEMPTING TO START SCRIPT saveToDatabase.php. PHP_EOL Checkpoint 1: Script accessed.
[2025-05-26 23:53:10] --- New Request Start (after initial log) ---
[2025-05-26 23:53:10] User ID: 51
[2025-05-26 23:53:10] Raw POST data: {"id":"_h6za1wz6f","name":"project1","panoramicPoints":[{"id":"_74y1f67ee","name":"New Point 1","coordinates":[47.483812,-0.572491],"northOffset":0,"imagesByPhase":[]},{"id":"_yyg61qnut","name":"New Point 2","coordinates":[47.481027,-0.576954],"northOffset":0,"imagesByPhase":[]}],"acces":"private","authorizedUsers":[]}
[2025-05-26 23:53:10] Decoded Project ID: _h6za1wz6f
[2025-05-26 23:53:10] DB State before op: Project count = 1
[2025-05-26 23:53:10] DB State before op: Existing IDs = 0
[2025-05-26 23:53:10] Attempting UPDATE for project ID: _h6za1wz6f
[2025-05-26 23:53:10] UPDATE for ID _h6za1wz6f reported success by PDO. Rows affected: 1
[2025-05-26 23:53:10] --- Request End ---

[2025-05-26 23:53:10] ATTEMPTING TO START SCRIPT saveToDatabase.php. PHP_EOL Checkpoint 1: Script accessed.
[2025-05-26 23:53:10] --- New Request Start (after initial log) ---
[2025-05-26 23:53:10] User ID: 51
[2025-05-26 23:53:10] Raw POST data: {"id":"_xpiighbxf","name":"project2","panoramicPoints":[{"id":"_h1fmrd8d9","name":"New Point 1","coordinates":null,"northOffset":0,"imagesByPhase":[]},{"id":"_m3xmuk3pz","name":"New Point 2","coordinates":null,"northOffset":0,"imagesByPhase":[]}],"acces":"private","authorizedUsers":[]}
[2025-05-26 23:53:10] Decoded Project ID: _xpiighbxf
[2025-05-26 23:53:10] DB State before op: Project count = 1
[2025-05-26 23:53:10] DB State before op: Existing IDs = 0
[2025-05-26 23:53:10] Attempting UPDATE for project ID: _xpiighbxf
[2025-05-26 23:53:10] UPDATE for ID _xpiighbxf reported success by PDO. Rows affected: 1
[2025-05-26 23:53:10] --- Request End ---

[2025-05-27 00:10:20] ATTEMPTING TO START SCRIPT saveToDatabase.php. PHP_EOL Checkpoint 1: Script accessed.
[2025-05-27 00:10:20] --- New Request Start (after initial log) ---
[2025-05-27 00:10:20] User ID: 51
[2025-05-27 00:10:20] Raw POST data: {"id":"_8m5x4qxez","name":"project1","panoramicPoints":[{"id":"_6f0v4nxa9","name":"New Point 1","coordinates":null,"northOffset":0,"imagesByPhase":[]},{"id":"_2bur681vd","name":"New Point 2","coordinates":null,"northOffset":0,"imagesByPhase":[]},{"id":"_2enuieu41","name":"New Point 3","coordinates":[47.4859,-0.568542],"northOffset":0,"imagesByPhase":[]}],"acces":"private","authorizedUsers":[]}
[2025-05-27 00:10:20] Decoded Project ID: _8m5x4qxez
[2025-05-27 00:10:20] DB State before op: Project count = 1
[2025-05-27 00:10:20] DB State before op: Existing IDs = 0
[2025-05-27 00:10:20] Attempting UPDATE for project ID: _8m5x4qxez
[2025-05-27 00:10:20] UPDATE for ID _8m5x4qxez reported success by PDO. Rows affected: 1
[2025-05-27 00:10:20] --- Request End ---

[2025-05-27 00:10:20] ATTEMPTING TO START SCRIPT saveToDatabase.php. PHP_EOL Checkpoint 1: Script accessed.
[2025-05-27 00:10:20] --- New Request Start (after initial log) ---
[2025-05-27 00:10:20] User ID: 51
[2025-05-27 00:10:20] Raw POST data: {"id":"_8pez3r130","name":"project2","panoramicPoints":[{"id":"_wun8hk3re","name":"New Point 1","coordinates":null,"northOffset":0,"imagesByPhase":[]},{"id":"_nukov6x70","name":"New Point 2","coordinates":[47.499587,-0.574722],"northOffset":0,"imagesByPhase":[]}],"acces":"private","authorizedUsers":[]}
[2025-05-27 00:10:20] Decoded Project ID: _8pez3r130
[2025-05-27 00:10:20] DB State before op: Project count = 1
[2025-05-27 00:10:20] DB State before op: Existing IDs = 0
[2025-05-27 00:10:20] Attempting UPDATE for project ID: _8pez3r130
[2025-05-27 00:10:20] UPDATE for ID _8pez3r130 reported success by PDO. Rows affected: 1
[2025-05-27 00:10:20] --- Request End ---

[2025-05-27 01:39:47] ATTEMPTING TO START SCRIPT saveToDatabase.php. PHP_EOL Checkpoint 1: Script accessed.
[2025-05-27 01:39:47] --- New Request Start (after initial log) ---
[2025-05-27 01:39:47] User ID: 51
[2025-05-27 01:39:47] Raw POST data: {"name":"project1","panoramicPoints":[],"acces":"private","authorizedUsers":[],"clientTempId":"_2qng83e36"}
[2025-05-27 01:39:47] Operation type: INSERT (New Project)
[2025-05-27 01:39:47] Client Temporary ID: _2qng83e36
[2025-05-27 01:39:47] Attempting INSERT for new project. Client temp ID: _2qng83e36
[2025-05-27 01:39:47] INSERT reported success. New DB ID: 1
[2025-05-27 01:39:47] --- Request End ---

[2025-05-27 01:39:47] ATTEMPTING TO START SCRIPT saveToDatabase.php. PHP_EOL Checkpoint 1: Script accessed.
[2025-05-27 01:39:47] --- New Request Start (after initial log) ---
[2025-05-27 01:39:47] User ID: 51
[2025-05-27 01:39:47] Raw POST data: {"name":"project2","panoramicPoints":[],"acces":"private","authorizedUsers":[],"clientTempId":"_04s2njulk"}
[2025-05-27 01:39:47] Operation type: INSERT (New Project)
[2025-05-27 01:39:47] Client Temporary ID: _04s2njulk
[2025-05-27 01:39:47] Attempting INSERT for new project. Client temp ID: _04s2njulk
[2025-05-27 01:39:47] INSERT reported success. New DB ID: 2
[2025-05-27 01:39:47] --- Request End ---

[2025-05-27 01:45:08] ATTEMPTING TO START SCRIPT saveToDatabase.php. PHP_EOL Checkpoint 1: Script accessed.
[2025-05-27 01:45:08] --- New Request Start (after initial log) ---
[2025-05-27 01:45:08] User ID: 51
[2025-05-27 01:45:08] Raw POST data: {"name":"project1","panoramicPoints":[{"id":"_ndowizdeq","name":"New Point 1","coordinates":null,"northOffset":0,"imagesByPhase":[]},{"id":"_2s7exk7bb","name":"New Point 2","coordinates":null,"northOffset":0,"imagesByPhase":[]},{"id":"_t2ia087kp","name":"New Point 3","coordinates":null,"northOffset":0,"imagesByPhase":[]}],"acces":"private","authorizedUsers":[],"clientTempId":"_6cutlpmyi"}
[2025-05-27 01:45:08] Operation type: INSERT (New Project)
[2025-05-27 01:45:08] Client Temporary ID: _6cutlpmyi
[2025-05-27 01:45:08] Attempting INSERT for new project. Client temp ID: _6cutlpmyi
[2025-05-27 01:45:08] INSERT reported success. New DB ID: 3
[2025-05-27 01:45:08] --- Request End ---

[2025-05-27 01:45:08] ATTEMPTING TO START SCRIPT saveToDatabase.php. PHP_EOL Checkpoint 1: Script accessed.
[2025-05-27 01:45:08] --- New Request Start (after initial log) ---
[2025-05-27 01:45:08] User ID: 51
[2025-05-27 01:45:08] Raw POST data: {"name":"project2","panoramicPoints":[{"id":"_coc9ow26y","name":"New Point 1","coordinates":[47.478591,-0.589828],"northOffset":0,"imagesByPhase":[]},{"id":"_zvp3hsuxu","name":"New Point 2","coordinates":null,"northOffset":0,"imagesByPhase":[]}],"acces":"private","authorizedUsers":[],"clientTempId":"_b24daktyt"}
[2025-05-27 01:45:08] Operation type: INSERT (New Project)
[2025-05-27 01:45:08] Client Temporary ID: _b24daktyt
[2025-05-27 01:45:08] Attempting INSERT for new project. Client temp ID: _b24daktyt
[2025-05-27 01:45:08] INSERT reported success. New DB ID: 4
[2025-05-27 01:45:08] --- Request End ---

[2025-05-27 22:49:10] ATTEMPTING TO START SCRIPT saveToDatabase.php. PHP_EOL Checkpoint 1: Script accessed.
[2025-05-27 22:49:10] --- New Request Start (after initial log) ---
[2025-05-27 22:49:10] User ID: 51
[2025-05-27 22:49:10] Raw POST data: {"name":"project1","panoramicPoints":[{"id":"_ndowizdeq","name":"New Point 1","coordinates":[47.472442,-0.573177],"northOffset":0,"imagesByPhase":[{"id":"_bnldvetse","phaseName":"qssqd","imageName":"qsdqsdqsdqs"},{"id":"_uud0iek7t","phaseName":"qsdqsdqs","imageName":"qsdqsdqs"},{"id":"_czrlij4y5","phaseName":"zerzer","imageName":"zerzrzerzrze"}]},{"id":"_2s7exk7bb","name":"New Point 2","coordinates":[47.479635,-0.563564],"northOffset":0,"imagesByPhase":[]},{"id":"_t2ia087kp","name":"New Point 3","coordinates":[47.475005,-0.582962],"northOffset":0,"imagesByPhase":[]}],"acces":"private","authorizedUsers":[],"clientTempId":"_6cutlpmyi","id":3}
[2025-05-27 22:49:10] Operation type: UPDATE (Existing Project)
[2025-05-27 22:49:10] Project ID for Update: 3
[2025-05-27 22:49:10] Attempting UPDATE for project ID: 3
[2025-05-27 22:49:10] UPDATE for ID 3 reported success. Rows affected: 1
[2025-05-27 22:49:10] --- Request End ---

[2025-05-27 22:49:10] ATTEMPTING TO START SCRIPT saveToDatabase.php. PHP_EOL Checkpoint 1: Script accessed.
[2025-05-27 22:49:10] --- New Request Start (after initial log) ---
[2025-05-27 22:49:10] User ID: 51
[2025-05-27 22:49:10] Raw POST data: {"name":"project2","panoramicPoints":[{"id":"_coc9ow26y","name":"New Point 1","coordinates":[47.478591,-0.589828],"northOffset":0,"imagesByPhase":[]},{"id":"_zvp3hsuxu","name":"New Point 2","coordinates":null,"northOffset":0,"imagesByPhase":[]}],"acces":"private","authorizedUsers":[],"clientTempId":"_b24daktyt","id":4}
[2025-05-27 22:49:10] Operation type: UPDATE (Existing Project)
[2025-05-27 22:49:10] Project ID for Update: 4
[2025-05-27 22:49:10] Attempting UPDATE for project ID: 4
[2025-05-27 22:49:10] UPDATE for ID 4 reported success. Rows affected: 1
[2025-05-27 22:49:10] --- Request End ---

[2025-05-27 22:49:10] ATTEMPTING TO START SCRIPT saveToDatabase.php. PHP_EOL Checkpoint 1: Script accessed.
[2025-05-27 22:49:10] --- New Request Start (after initial log) ---
[2025-05-27 22:49:10] User ID: 51
[2025-05-27 22:49:10] Raw POST data: {"name":"project1","panoramicPoints":[],"acces":"private","authorizedUsers":[],"clientTempId":"_2qng83e36","id":1}
[2025-05-27 22:49:10] Operation type: UPDATE (Existing Project)
[2025-05-27 22:49:10] Project ID for Update: 1
[2025-05-27 22:49:10] Attempting UPDATE for project ID: 1
[2025-05-27 22:49:10] UPDATE for ID 1 reported success. Rows affected: 1
[2025-05-27 22:49:10] --- Request End ---

[2025-05-27 22:49:10] ATTEMPTING TO START SCRIPT saveToDatabase.php. PHP_EOL Checkpoint 1: Script accessed.
[2025-05-27 22:49:10] --- New Request Start (after initial log) ---
[2025-05-27 22:49:10] User ID: 51
[2025-05-27 22:49:10] Raw POST data: {"name":"project2","panoramicPoints":[],"acces":"private","authorizedUsers":[],"clientTempId":"_04s2njulk","id":2}
[2025-05-27 22:49:10] Operation type: UPDATE (Existing Project)
[2025-05-27 22:49:10] Project ID for Update: 2
[2025-05-27 22:49:10] Attempting UPDATE for project ID: 2
[2025-05-27 22:49:10] UPDATE for ID 2 reported success. Rows affected: 1
[2025-05-27 22:49:10] --- Request End ---

